<?xml version="1.0" encoding="UTF-8"?>
<testng-results ignored="0" total="1" passed="0" failed="1" skipped="0">
  <reporter-output>
  </reporter-output>
  <suite started-at="2022-06-09T11:48:58 IST" name="Default suite" finished-at="2022-06-09T11:49:28 IST" duration-ms="29446">
    <groups>
      <group name="cucumber">
        <method signature="AbstractTestNGCucumberTests.runScenario(io.cucumber.testng.PickleWrapper,io.cucumber.testng.FeatureWrapper)[pri:0, instance:nopCommerce.TestRunner.TestRunner@1cf6d1be]" name="runScenario" class="io.cucumber.testng.AbstractTestNGCucumberTests"/>
      </group> <!-- cucumber -->
    </groups>
    <test started-at="2022-06-09T11:48:58 IST" name="Default test" finished-at="2022-06-09T11:49:28 IST" duration-ms="29446">
      <class name="nopCommerce.TestRunner.TestRunner">
        <test-method is-config="true" signature="setUpClass(org.testng.ITestContext)[pri:0, instance:nopCommerce.TestRunner.TestRunner@1cf6d1be]" started-at="2022-06-09T11:48:58 IST" name="setUpClass" finished-at="2022-06-09T11:48:59 IST" duration-ms="428" status="PASS">
          <params>
            <param index="0">
              <value>
                <![CDATA[org.testng.TestRunner@37052337]]>
              </value>
            </param>
          </params>
          <reporter-output>
          </reporter-output>
        </test-method> <!-- setUpClass -->
        <test-method is-config="true" signature="precondition()[pri:0, instance:nopCommerce.TestRunner.TestRunner@1cf6d1be]" started-at="2022-06-09T11:48:59 IST" name="precondition" finished-at="2022-06-09T11:49:10 IST" duration-ms="11294" status="PASS">
          <reporter-output>
          </reporter-output>
        </test-method> <!-- precondition -->
        <test-method signature="runScenario(io.cucumber.testng.PickleWrapper,io.cucumber.testng.FeatureWrapper)[pri:0, instance:nopCommerce.TestRunner.TestRunner@1cf6d1be]" started-at="2022-06-09T11:49:10 IST" name="runScenario" description="Runs Cucumber Scenarios" data-provider="scenarios" finished-at="2022-06-09T11:49:28 IST" duration-ms="17649" status="FAIL">
          <params>
            <param index="0">
              <value>
                <![CDATA["Testing with Edit Lead"]]>
              </value>
            </param>
            <param index="1">
              <value>
                <![CDATA["Optional[Testing the EditFunctionlaity]"]]>
              </value>
            </param>
          </params>
          <exception class="java.lang.AssertionError">
            <message>
              <![CDATA[expected [Failure message] but found [false]]]>
            </message>
            <full-stacktrace>
              <![CDATA[java.lang.AssertionError: expected [Failure message] but found [false]
at org.testng.Assert.fail(Assert.java:99)
at org.testng.Assert.failNotEquals(Assert.java:1037)
at org.testng.Assert.assertEqualsImpl(Assert.java:140)
at org.testng.Assert.assertEquals(Assert.java:122)
at org.testng.Assert.assertEquals(Assert.java:617)
at nopCommerce.StepDefination.EditLead.verifyCompanyName(EditLead.java:102)
at âœ½.Confirm the changed name appears(file:///D:/practice/nopCommerce/src/test/java/nopCommerce/Feature/EditLead.feature:16)
]]>
            </full-stacktrace>
          </exception> <!-- java.lang.AssertionError -->
          <reporter-output>
          </reporter-output>
        </test-method> <!-- runScenario -->
        <test-method is-config="true" signature="tearDownClass()[pri:0, instance:nopCommerce.TestRunner.TestRunner@1cf6d1be]" started-at="2022-06-09T11:49:28 IST" name="tearDownClass" finished-at="2022-06-09T11:49:28 IST" duration-ms="14" status="PASS">
          <reporter-output>
          </reporter-output>
        </test-method> <!-- tearDownClass -->
      </class> <!-- nopCommerce.TestRunner.TestRunner -->
    </test> <!-- Default test -->
  </suite> <!-- Default suite -->
</testng-results>
